Построение начато 02.07.2019 16:56:28.
Проект "C:\Documents and Settings\ConLenov\Мои документы\Visual Studio 2010\Projects\kaomoji\kaomoji\kaomoji.vcxproj" в узле 2 (целевые объекты build).
InitializeBuildStatus:
  Обращение к "Debug\kaomoji.unsuccessfulbuild".
GenerateTargetFrameworkMonikerAttribute:
Целевой объект "GenerateTargetFrameworkMonikerAttribute" пропускается, так как все выходные файлы актуальны по отношению к входным.
ClCompile:
  Для всех выходных данных обновления не требуется.
  C:\Program Files\Microsoft Visual Studio 10.0\VC\bin\CL.exe /c /AI"C:\Program Files\Reference Assemblies\Microsoft\Framework\.NETFramework\v4.0" /Zi /clr:pure /nologo /W3 /WX- /Od /Oy- /D WIN32 /D _DEBUG /D _UNICODE /D UNICODE /EHa /MDd /GS /fp:precise /Zc:wchar_t /Zc:forScope /Yu"StdAfx.h" /Fp"Debug\kaomoji.pch" /Fo"Debug\\" /Fd"Debug\vc100.pdb" /TP /FU"C:\Program Files\Reference Assemblies\Microsoft\Framework\.NETFramework\v4.0\System.Core.dll" /FU"C:\Program Files\Reference Assemblies\Microsoft\Framework\.NETFramework\v4.0\System.Data.dll" /FU"C:\Program Files\Reference Assemblies\Microsoft\Framework\.NETFramework\v4.0\System.dll" /FU"C:\Program Files\Reference Assemblies\Microsoft\Framework\.NETFramework\v4.0\System.Drawing.dll" /FU"C:\Program Files\Reference Assemblies\Microsoft\Framework\.NETFramework\v4.0\System.Windows.Forms.dll" /FU"C:\Program Files\Reference Assemblies\Microsoft\Framework\.NETFramework\v4.0\System.Xml.dll" /analyze- /errorReport:prompt kaomoji.cpp /clr:nostdlib 
  kaomoji.cpp
  Для всех выходных данных обновления не требуется.
CoreResGen:
  Для всех выходных данных обновления не требуется.
ResourceCompile:
  Для всех выходных данных обновления не требуется.
Link:
  C:\Program Files\Microsoft Visual Studio 10.0\VC\bin\link.exe /ERRORREPORT:PROMPT /OUT:"C:\Documents and Settings\ConLenov\Мои документы\Visual Studio 2010\Projects\kaomoji\Debug\kaomoji.exe" /INCREMENTAL /NOLOGO /ASSEMBLYRESOURCE:Debug\kaomoji.Form1.resources /MANIFEST /ManifestFile:"Debug\kaomoji.exe.intermediate.manifest" /MANIFESTUAC:"level='asInvoker' uiAccess='false'" /DEBUG /PDB:"C:\Documents and Settings\ConLenov\Мои документы\Visual Studio 2010\Projects\kaomoji\Debug\kaomoji.pdb" /ASSEMBLYDEBUG /SUBSYSTEM:WINDOWS /TLBID:1 /ENTRY:"main" /DYNAMICBASE /FIXED:NO /NXCOMPAT /MACHINE:X86 Debug\app.res
  Debug\AssemblyInfo.obj
  Debug\kaomoji.obj
  Debug\stdafx.obj
  "Debug\.NETFramework,Version=v4.0.AssemblyAttributes.obj"
  kaomoji.vcxproj -> C:\Documents and Settings\ConLenov\Мои документы\Visual Studio 2010\Projects\kaomoji\Debug\kaomoji.exe
Manifest:
  C:\Program Files\Microsoft SDKs\Windows\v7.0A\bin\mt.exe /nologo /verbose /outputresource:"C:\Documents and Settings\ConLenov\Мои документы\Visual Studio 2010\Projects\kaomoji\Debug\kaomoji.exe;#1" /manifest Debug\kaomoji.exe.intermediate.manifest
FinalizeBuildStatus:
  Файл "Debug\kaomoji.unsuccessfulbuild" удаляется.
  Обращение к "Debug\kaomoji.lastbuildstate".
Построение проекта "C:\Documents and Settings\ConLenov\Мои документы\Visual Studio 2010\Projects\kaomoji\kaomoji\kaomoji.vcxproj" завершено (целевые объекты build).

Построение успешно завершено.

Затраченное время: 00:00:02.36
